[    0.000000] Initializing cgroup subsys cpuset
[    0.000000] Initializing cgroup subsys cpu
[    0.000000] Initializing cgroup subsys cpuacct
[    0.000000] Linux version 4.4.0-65-generic (buildd@lgw01-12) (gcc version 5.4.0 20160609 (Ubuntu 5.4.0-6ubuntu1~16.04.4) ) #86-Ubuntu SMP Thu Feb 23 17:49:58 UTC 2017 (Ubuntu 4.4.0-65.86-generic 4.4.49)
[    0.000000] Command line: BOOT_IMAGE=/boot/vmlinuz-4.4.0-65-generic root=UUID=9e3eb56f-ee2f-47aa-afaf-6f4e81766d8a ro console=tty1 console=ttyS0
[    0.000000] KERNEL supported cpus:
[    0.000000]   Intel GenuineIntel
[    0.000000]   AMD AuthenticAMD
[    0.000000]   Centaur CentaurHauls
[    0.000000] x86/fpu: xstate_offset[2]:  576, xstate_sizes[2]:  256
[    0.000000] x86/fpu: Supporting XSAVE feature 0x01: 'x87 floating point registers'
[    0.000000] x86/fpu: Supporting XSAVE feature 0x02: 'SSE registers'
[    0.000000] x86/fpu: Supporting XSAVE feature 0x04: 'AVX registers'
[    0.000000] x86/fpu: Enabled xstate features 0x7, context size is 832 bytes, using 'standard' format.
[    0.000000] x86/fpu: Using 'lazy' FPU context switches.
[    0.000000] e820: BIOS-provided physical RAM map:
[    0.000000] BIOS-e820: [mem 0x0000000000000000-0x000000000009fbff] usable
[    0.000000] BIOS-e820: [mem 0x000000000009fc00-0x000000000009ffff] reserved
[    0.000000] BIOS-e820: [mem 0x00000000000f0000-0x00000000000fffff] reserved
[    0.000000] BIOS-e820: [mem 0x0000000000100000-0x000000003ffeffff] usable
[    0.000000] BIOS-e820: [mem 0x000000003fff0000-0x000000003fffffff] ACPI data
[    0.000000] BIOS-e820: [mem 0x00000000fec00000-0x00000000fec00fff] reserved
[    0.000000] BIOS-e820: [mem 0x00000000fee00000-0x00000000fee00fff] reserved
[    0.000000] BIOS-e820: [mem 0x00000000fffc0000-0x00000000ffffffff] reserved
[    0.000000] NX (Execute Disable) protection: active
[    0.000000] SMBIOS 2.5 present.
[    0.000000] Hypervisor detected: KVM
[    0.000000] AGP: No AGP bridge found
[    0.000000] e820: last_pfn = 0x3fff0 max_arch_pfn = 0x400000000
[    0.000000] MTRR: Disabled
[    0.000000] x86/PAT: MTRRs disabled, skipping PAT initialization too.
[    0.000000] x86/PAT: Configuration [0-7]: WB  WT  UC- UC  WB  WT  UC- UC  
[    0.000000] CPU MTRRs all blank - virtualized system.
[    0.000000] found SMP MP-table at [mem 0x0009fff0-0x0009ffff] mapped at [ffff88000009fff0]
[    0.000000] Scanning 1 areas for low memory corruption
[    0.000000] RAMDISK: [mem 0x36232000-0x37110fff]
[    0.000000] ACPI: Early table checksum verification disabled
[    0.000000] ACPI: RSDP 0x00000000000E0000 000024 (v02 VBOX  )
[    0.000000] ACPI: XSDT 0x000000003FFF0030 00003C (v01 VBOX   VBOXXSDT 00000001 ASL  00000061)
[    0.000000] ACPI: FACP 0x000000003FFF00F0 0000F4 (v04 VBOX   VBOXFACP 00000001 ASL  00000061)
[    0.000000] ACPI: DSDT 0x000000003FFF0470 00210F (v01 VBOX   VBOXBIOS 00000002 INTL 20100528)
[    0.000000] ACPI: FACS 0x000000003FFF0200 000040
[    0.000000] ACPI: FACS 0x000000003FFF0200 000040
[    0.000000] ACPI: APIC 0x000000003FFF0240 00005C (v02 VBOX   VBOXAPIC 00000001 ASL  00000061)
[    0.000000] ACPI: SSDT 0x000000003FFF02A0 0001CC (v01 VBOX   VBOXCPUT 00000002 INTL 20100528)
[    0.000000] No NUMA configuration found
[    0.000000] Faking a node at [mem 0x0000000000000000-0x000000003ffeffff]
[    0.000000] NODE_DATA(0) allocated [mem 0x3ffeb000-0x3ffeffff]
[    0.000000] kvm-clock: Using msrs 4b564d01 and 4b564d00
[    0.000000] kvm-clock: cpu 0, msr 0:3ffe3001, primary cpu clock
[    0.000000] kvm-clock: using sched offset of 3869155669 cycles
[    0.000000] clocksource: kvm-clock: mask: 0xffffffffffffffff max_cycles: 0x1cd42e4dffb, max_idle_ns: 881590591483 ns
[    0.000000] Zone ranges:
[    0.000000]   DMA      [mem 0x0000000000001000-0x0000000000ffffff]
[    0.000000]   DMA32    [mem 0x0000000001000000-0x000000003ffeffff]
[    0.000000]   Normal   empty
[    0.000000]   Device   empty
[    0.000000] Movable zone start for each node
[    0.000000] Early memory node ranges
[    0.000000]   node   0: [mem 0x0000000000001000-0x000000000009efff]
[    0.000000]   node   0: [mem 0x0000000000100000-0x000000003ffeffff]
[    0.000000] Initmem setup node 0 [mem 0x0000000000001000-0x000000003ffeffff]
[    0.000000] ACPI: PM-Timer IO Port: 0x4008
[    0.000000] IOAPIC[0]: apic_id 2, version 32, address 0xfec00000, GSI 0-23
[    0.000000] ACPI: INT_SRC_OVR (bus 0 bus_irq 0 global_irq 2 dfl dfl)
[    0.000000] ACPI: INT_SRC_OVR (bus 0 bus_irq 9 global_irq 9 high level)
[    0.000000] Using ACPI (MADT) for SMP configuration information
[    0.000000] smpboot: Allowing 2 CPUs, 0 hotplug CPUs
[    0.000000] PM: Registered nosave memory: [mem 0x00000000-0x00000fff]
[    0.000000] PM: Registered nosave memory: [mem 0x0009f000-0x0009ffff]
[    0.000000] PM: Registered nosave memory: [mem 0x000a0000-0x000effff]
[    0.000000] PM: Registered nosave memory: [mem 0x000f0000-0x000fffff]
[    0.000000] e820: [mem 0x40000000-0xfebfffff] available for PCI devices
[    0.000000] Booting paravirtualized kernel on KVM
[    0.000000] clocksource: refined-jiffies: mask: 0xffffffff max_cycles: 0xffffffff, max_idle_ns: 7645519600211568 ns
[    0.000000] setup_percpu: NR_CPUS:512 nr_cpumask_bits:512 nr_cpu_ids:2 nr_node_ids:1
[    0.000000] PERCPU: Embedded 33 pages/cpu @ffff88003fc00000 s98264 r8192 d28712 u1048576
[    0.000000] PV qspinlock hash table entries: 256 (order: 0, 4096 bytes)
[    0.000000] Built 1 zonelists in Node order, mobility grouping on.  Total pages: 257913
[    0.000000] Policy zone: DMA32
[    0.000000] Kernel command line: BOOT_IMAGE=/boot/vmlinuz-4.4.0-65-generic root=UUID=9e3eb56f-ee2f-47aa-afaf-6f4e81766d8a ro console=tty1 console=ttyS0
[    0.000000] PID hash table entries: 4096 (order: 3, 32768 bytes)
[    0.000000] AGP: Checking aperture...
[    0.000000] AGP: No AGP bridge found
[    0.000000] Memory: 997352K/1048120K available (8452K kernel code, 1293K rwdata, 3976K rodata, 1484K init, 1316K bss, 50768K reserved, 0K cma-reserved)
[    0.000000] SLUB: HWalign=64, Order=0-3, MinObjects=0, CPUs=2, Nodes=1
[    0.000000] Hierarchical RCU implementation.
[    0.000000] 	Build-time adjustment of leaf fanout to 64.
[    0.000000] 	RCU restricting CPUs from NR_CPUS=512 to nr_cpu_ids=2.
[    0.000000] RCU: Adjusting geometry for rcu_fanout_leaf=64, nr_cpu_ids=2
[    0.000000] NR_IRQS:33024 nr_irqs:440 16
[    0.000000] Console: colour VGA+ 80x25
[    0.000000] console [tty1] enabled
[    0.000000] console [ttyS0] enabled
[    0.000000] tsc: Detected 3913.050 MHz processor
[    0.000000] tsc: Marking TSC unstable due to TSCs unsynchronized
[    0.012000] Calibrating delay loop (skipped) preset value.. 7826.10 BogoMIPS (lpj=15652200)
[    0.016010] pid_max: default: 32768 minimum: 301
[    0.020020] ACPI: Core revision 20150930
[    0.028402] ACPI: 2 ACPI AML tables successfully acquired and loaded
[    0.036372] Security Framework initialized
[    0.040009] Yama: becoming mindful.
[    0.044040] AppArmor: AppArmor initialized
[    0.048161] Dentry cache hash table entries: 131072 (order: 8, 1048576 bytes)
[    0.052274] Inode-cache hash table entries: 65536 (order: 7, 524288 bytes)
[    0.057840] Mount-cache hash table entries: 2048 (order: 2, 16384 bytes)
[    0.060020] Mountpoint-cache hash table entries: 2048 (order: 2, 16384 bytes)
[    0.064230] Initializing cgroup subsys io
[    0.068019] Initializing cgroup subsys memory
[    0.072031] Initializing cgroup subsys devices
[    0.076023] Initializing cgroup subsys freezer
[    0.080022] Initializing cgroup subsys net_cls
[    0.084021] Initializing cgroup subsys perf_event
[    0.088018] Initializing cgroup subsys net_prio
[    0.092027] Initializing cgroup subsys hugetlb
[    0.096023] Initializing cgroup subsys pids
[    0.100167] CPU: Physical Processor ID: 0
[    0.104010] CPU: Processor Core ID: 0
[    0.108022] mce: CPU supports 0 MCE banks
[    0.112040] Last level iTLB entries: 4KB 512, 2MB 1024, 4MB 512
[    0.116012] Last level dTLB entries: 4KB 1024, 2MB 1024, 4MB 512, 1GB 0
[    0.124143] Freeing SMP alternatives memory: 32K (ffffffff820b8000 - ffffffff820c0000)
[    0.140454] ftrace: allocating 32113 entries in 126 pages
[    0.152110] smpboot: APIC(0) Converting physical 0 to logical package 0
[    0.156012] smpboot: Max logical packages: 1
[    0.160377] x2apic enabled
[    0.164014] Switched APIC routing to physical x2apic.
[    0.169458] ..TIMER: vector=0x30 apic1=0 pin1=2 apic2=-1 pin2=-1
[    0.176000] smpboot: CPU0: AMD FX(tm)-6350 Six-Core Processor (family: 0x15, model: 0x2, stepping: 0x0)
[    0.188020] Performance Events: Broken PMU hardware detected, using software events only.
[    0.196011] Failed to access perfctr msr (MSR c0010007 is 0)
[    0.200047] KVM setup paravirtual spinlock
[    0.204836] x86: Booting SMP configuration:
[    0.208020] .... node  #0, CPUs:      #1
[    0.012000] kvm-clock: cpu 1, msr 0:3ffe3041, secondary cpu clock
[    0.012000] mce: CPU supports 0 MCE banks
[    0.224095] x86: Booted up 1 node, 2 CPUs
[    0.228010] smpboot: Total of 2 processors activated (15652.20 BogoMIPS)
[    0.232344] devtmpfs: initialized
[    0.238214] evm: security.selinux
[    0.240027] evm: security.SMACK64
[    0.244008] evm: security.SMACK64EXEC
[    0.248008] evm: security.SMACK64TRANSMUTE
[    0.252003] evm: security.SMACK64MMAP
[    0.256007] evm: security.ima
[    0.260011] evm: security.capability
[    0.264146] clocksource: jiffies: mask: 0xffffffff max_cycles: 0xffffffff, max_idle_ns: 7645041785100000 ns
[    0.268166] pinctrl core: initialized pinctrl subsystem
[    0.272280] RTC time: 15:08:44, date: 03/03/17
[    0.280064] NET: Registered protocol family 16
[    0.300015] cpuidle: using governor ladder
[    0.316019] cpuidle: using governor menu
[    0.320031] PCCT header not found.
[    0.324365] ACPI: bus type PCI registered
[    0.328010] acpiphp: ACPI Hot Plug PCI Controller Driver version: 0.5
[    0.332198] PCI: Using configuration type 1 for base access
[    0.336007] PCI: Using configuration type 1 for extended access
[    0.352132] ACPI: Added _OSI(Module Device)
[    0.380011] ACPI: Added _OSI(Processor Device)
[    0.412010] ACPI: Added _OSI(3.0 _SCP Extensions)
[    0.460009] ACPI: Added _OSI(Processor Aggregator Device)
[    0.476811] ACPI: Executed 1 blocks of module-level executable AML code
[    0.530499] ACPI: Interpreter enabled
[    0.556027] ACPI: (supports S0 S5)
[    0.576007] ACPI: Using IOAPIC for interrupt routing
[    0.612211] PCI: Using host bridge windows from ACPI; if necessary, use "pci=nocrs" and report a bug
[    0.672409] ACPI: PCI Root Bridge [PCI0] (domain 0000 [bus 00-ff])
[    0.728018] acpi PNP0A03:00: _OSC: OS supports [ExtendedConfig ASPM ClockPM Segments MSI]
[    0.752025] acpi PNP0A03:00: _OSC failed (AE_NOT_FOUND); disabling ASPM
[    0.792538] PCI host bridge to bus 0000:00
[    0.836010] pci_bus 0000:00: root bus resource [io  0x0000-0x0cf7 window]
[    0.884013] pci_bus 0000:00: root bus resource [io  0x0d00-0xffff window]
[    0.932014] pci_bus 0000:00: root bus resource [mem 0x000a0000-0x000bffff window]
[    0.956011] pci_bus 0000:00: root bus resource [mem 0x40000000-0xffdfffff window]
[    0.992011] pci_bus 0000:00: root bus resource [bus 00-ff]
[    1.073678] pci 0000:00:01.1: legacy IDE quirk: reg 0x10: [io  0x01f0-0x01f7]
[    1.140011] pci 0000:00:01.1: legacy IDE quirk: reg 0x14: [io  0x03f6]
[    1.208012] pci 0000:00:01.1: legacy IDE quirk: reg 0x18: [io  0x0170-0x0177]
[    1.264012] pci 0000:00:01.1: legacy IDE quirk: reg 0x1c: [io  0x0376]
[    1.416680] pci 0000:00:07.0: quirk: [io  0x4000-0x403f] claimed by PIIX4 ACPI
[    1.504021] pci 0000:00:07.0: quirk: [io  0x4100-0x410f] claimed by PIIX4 SMB
[    1.591067] ACPI: PCI Interrupt Link [LNKA] (IRQs 5 9 10 *11)
[    1.639686] ACPI: PCI Interrupt Link [LNKB] (IRQs 5 9 10 *11)
[    1.656700] ACPI: PCI Interrupt Link [LNKC] (IRQs 5 9 *10 11)
[    1.664611] ACPI: PCI Interrupt Link [LNKD] (IRQs 5 *9 10 11)
[    1.702094] ACPI: Enabled 2 GPEs in block 00 to 07
[    1.712224] vgaarb: setting as boot device: PCI:0000:00:02.0
[    1.716000] vgaarb: device added: PCI:0000:00:02.0,decodes=io+mem,owns=io+mem,locks=none
[    1.792008] vgaarb: loaded
[    1.812010] vgaarb: bridge control possible 0000:00:02.0
[    1.876317] SCSI subsystem initialized
[    1.932075] ACPI: bus type USB registered
[    1.984074] usbcore: registered new interface driver usbfs
[    2.008036] usbcore: registered new interface driver hub
[    2.044065] usbcore: registered new device driver usb
[    2.128133] PCI: Using ACPI for IRQ routing
[    2.188351] NetLabel: Initializing
[    2.240004] NetLabel:  domain hash size = 128
[    2.308009] NetLabel:  protocols = UNLABELED CIPSOv4
[    2.352028] NetLabel:  unlabeled traffic allowed by default
[    2.412074] amd_nb: Cannot enumerate AMD northbridges
[    2.452040] clocksource: Switched to clocksource kvm-clock
[    2.540134] AppArmor: AppArmor Filesystem Enabled
[    2.630522] pnp: PnP ACPI init
[    2.656664] pnp: PnP ACPI: found 3 devices
[    2.720111] clocksource: acpi_pm: mask: 0xffffff max_cycles: 0xffffff, max_idle_ns: 2085701024 ns
[    2.745685] NET: Registered protocol family 2
[    2.780002] TCP established hash table entries: 8192 (order: 4, 65536 bytes)
[    2.830586] TCP bind hash table entries: 8192 (order: 5, 131072 bytes)
[    2.860464] TCP: Hash tables configured (established 8192 bind 8192)
[    2.929141] UDP hash table entries: 512 (order: 2, 16384 bytes)
[    2.987459] UDP-Lite hash table entries: 512 (order: 2, 16384 bytes)
[    3.013095] NET: Registered protocol family 1
[    3.018314] pci 0000:00:00.0: Limiting direct PCI/PCI transfers
[    3.058533] pci 0000:00:01.0: Activating ISA DMA hang workarounds
[    3.078323] Unpacking initramfs...
[    3.331763] Freeing initrd memory: 15228K (ffff880036232000 - ffff880037111000)
[    3.469109] clocksource: tsc: mask: 0xffffffffffffffff max_cycles: 0x70cf05296d0, max_idle_ns: 881591003687 ns
[    3.713360] platform rtc_cmos: registered platform RTC device (no PNP device found)
[    3.751037] Scanning for low memory corruption every 60 seconds
[    3.765593] futex hash table entries: 512 (order: 3, 32768 bytes)
[    3.782707] audit: initializing netlink subsys (disabled)
[    3.792711] audit: type=2000 audit(1488553725.403:1): initialized
[    3.817684] Initialise system trusted keyring
[    3.841991] HugeTLB registered 2 MB page size, pre-allocated 0 pages
[    3.865736] zbud: loaded
[    3.871562] VFS: Disk quotas dquot_6.6.0
[    3.874147] VFS: Dquot-cache hash table entries: 512 (order 0, 4096 bytes)
[    3.906324] squashfs: version 4.0 (2009/01/31) Phillip Lougher
[    3.910000] fuse init (API version 7.23)
[    3.929983] Key type big_key registered
[    3.953794] Allocating IMA MOK and blacklist keyrings.
[    3.997734] Key type asymmetric registered
[    4.011084] Asymmetric key parser 'x509' registered
[    4.038346] Block layer SCSI generic (bsg) driver version 0.4 loaded (major 249)
[    4.052141] io scheduler noop registered
[    4.071257] io scheduler deadline registered (default)
[    4.085270] io scheduler cfq registered
[    4.088028] pci_hotplug: PCI Hot Plug PCI Core version: 0.5
[    4.120281] pciehp: PCI Express Hot Plug Controller Driver version: 0.4
[    4.162943] ACPI: AC Adapter [AC] (on-line)
[    4.168609] input: Power Button as /devices/LNXSYSTM:00/LNXPWRBN:00/input/input0
[    4.192373] ACPI: Power Button [PWRF]
[    4.200776] input: Sleep Button as /devices/LNXSYSTM:00/LNXSLPBN:00/input/input1
[    4.230847] ACPI: Sleep Button [SLPF]
[    4.238656] GHES: HEST is not enabled!
[    4.321183] Serial: 8250/16550 driver, 32 ports, IRQ sharing enabled
[    4.399506] 00:02: ttyS0 at I/O 0x3f8 (irq = 4, base_baud = 115200) is a 16550A
[    4.474939] Linux agpgart interface v0.103
[    4.549856] loop: module loaded
[    4.561840] scsi host0: ata_piix
[    4.581708] scsi host1: ata_piix
[    4.603331] ata1: PATA max UDMA/33 cmd 0x1f0 ctl 0x3f6 bmdma 0xd000 irq 14
[    4.637691] ata2: PATA max UDMA/33 cmd 0x170 ctl 0x376 bmdma 0xd008 irq 15
[    4.706841] libphy: Fixed MDIO Bus: probed
[    4.781653] tun: Universal TUN/TAP device driver, 1.6
[    4.870813] tun: (C) 1999-2004 Max Krasnyansky <maxk@qualcomm.com>
[    5.011287] PPP generic driver version 2.4.2
[    5.040665] ehci_hcd: USB 2.0 'Enhanced' Host Controller (EHCI) Driver
[    5.076608] ehci-pci: EHCI PCI platform driver
[    5.108700] ehci-platform: EHCI generic platform driver
[    5.161205] ohci_hcd: USB 1.1 'Open' Host Controller (OHCI) Driver
[    5.252448] ohci-pci: OHCI PCI platform driver
[    5.297190] ohci-platform: OHCI generic platform driver
[    5.415693] uhci_hcd: USB Universal Host Controller Interface driver
[    5.550798] i8042: PNP: PS/2 Controller [PNP0303:PS2K,PNP0f03:PS2M] at 0x60,0x64 irq 1,12
[    5.724636] serio: i8042 KBD port at 0x60,0x64 irq 1
[    5.817688] serio: i8042 AUX port at 0x60,0x64 irq 12
[    5.882209] mousedev: PS/2 mouse device common for all mice
[    5.901753] input: AT Translated Set 2 keyboard as /devices/platform/i8042/serio0/input/input2
[    5.908534] rtc_cmos rtc_cmos: rtc core: registered rtc_cmos as rtc0
[    5.908617] rtc_cmos rtc_cmos: alarms up to one day, 114 bytes nvram
[    5.908637] i2c /dev entries driver
[    5.908709] device-mapper: uevent: version 1.0.3
[    5.908787] device-mapper: ioctl: 4.34.0-ioctl (2015-10-28) initialised: dm-devel@redhat.com
[    5.908806] ledtrig-cpu: registered to indicate activity on CPUs
[    5.909174] NET: Registered protocol family 10
[    5.909345] NET: Registered protocol family 17
[    5.909355] Key type dns_resolver registered
[    5.909291] microcode: CPU0: patch_level=0x06000626
[    5.912326] microcode: CPU1: patch_level=0x06000626
[    5.912366] microcode: Microcode Update Driver: v2.01 <tigran@aivazian.fsnet.co.uk>, Peter Oruba
[    5.912528] registered taskstats version 1
[    5.912540] Loading compiled-in X.509 certificates
[    5.913309] Loaded X.509 cert 'Build time autogenerated kernel key: 98d183b99aa40711f99c95e057e5fc854b84a3cb'
[    5.913332] zswap: loaded using pool lzo/zbud
[    5.915289] Key type trusted registered
[    5.918670] Key type encrypted registered
[    5.918675] AppArmor: AppArmor sha1 policy hashing enabled
[    5.918677] ima: No TPM chip found, activating TPM-bypass!
[    5.918697] evm: HMAC attrs: 0x1
[    5.919035]   Magic number: 9:859:132
[    5.919602] rtc_cmos rtc_cmos: setting system clock to 2017-03-03 15:08:49 UTC (1488553729)
[    5.919701] BIOS EDD facility v0.16 2004-Jun-25, 0 devices found
[    5.919701] EDD information not available.
[    6.351292] Freeing unused kernel memory: 1484K (ffffffff81f45000 - ffffffff820b8000)
[    6.398074] Write protecting the kernel read-only data: 14336k
[    6.401173] Freeing unused kernel memory: 1776K (ffff880001844000 - ffff880001a00000)
[    6.435482] Freeing unused kernel memory: 120K (ffff880001de2000 - ffff880001e00000)
Loading, please [    6.487802] random: systemd-udevd: uninitialized urandom read (16 bytes read, 3 bits of entropy available)
wait...
startin[    6.488964] random: udevadm: uninitialized urandom read (16 bytes read, 3 bits of entropy available)
g version 229
[    6.489007] random: udevadm: uninitialized urandom read (16 bytes read, 3 bits of entropy available)
[    6.489163] random: udevadm: uninitialized urandom read (16 bytes read, 3 bits of entropy available)
[    6.489368] random: udevadm: uninitialized urandom read (16 bytes read, 3 bits of entropy available)
[    6.489455] random: udevadm: uninitialized urandom read (16 bytes read, 3 bits of entropy available)
[    6.489522] random: udevadm: uninitialized urandom read (16 bytes read, 3 bits of entropy available)
[    6.489586] random: udevadm: uninitialized urandom read (16 bytes read, 3 bits of entropy available)
[    6.489652] random: udevadm: uninitialized urandom read (16 bytes read, 3 bits of entropy available)
[    6.489727] random: udevadm: uninitialized urandom read (16 bytes read, 3 bits of entropy available)
[    6.955054] e1000: Intel(R) PRO/1000 Network Driver - version 7.3.21-k8-NAPI
[    7.035900] e1000: Copyright (c) 1999-2006 Intel Corporation.
[    7.101891] AVX version of gcm_enc/dec engaged.
[    7.117131] AES CTR mode by8 optimization enabled
[    7.117958] Fusion MPT base driver 3.04.20
[    7.117959] Copyright (c) 1999-2008 LSI Corporation
[    7.147456] Fusion MPT SPI Host driver 3.04.20
[    7.285626] input: ImExPS/2 Generic Explorer Mouse as /devices/platform/i8042/serio1/input/input4
[    7.513657] e1000 0000:00:03.0 eth0: (PCI:33MHz:32-bit) 02:6d:90:52:c7:b2
[    7.582120] e1000 0000:00:03.0 eth0: Intel(R) PRO/1000 Network Connection
[    8.229112] e1000 0000:00:08.0 eth1: (PCI:33MHz:32-bit) 08:00:27:3f:5e:ab
[    8.308485] e1000 0000:00:08.0 eth1: Intel(R) PRO/1000 Network Connection
[    8.373667] e1000 0000:00:03.0 enp0s3: renamed from eth0
[    8.378272] mptbase: ioc0: Initiating bringup
[    8.456597] e1000 0000:00:08.0 enp0s8: renamed from eth1
[    8.492934] ioc0: LSI53C1030 A0: Capabilities={Initiator}
[    8.738671] scsi host2: ioc0: LSI53C1030 A0, FwRev=00000000h, Ports=1, MaxQ=256, IRQ=20
[    8.877292] scsi 2:0:0:0: Direct-Access     VBOX     HARDDISK         1.0  PQ: 0 ANSI: 5
[    8.911276] scsi target2:0:0: Beginning Domain Validation
[    9.005607] scsi target2:0:0: Domain Validation skipping write tests
[    9.099626] scsi target2:0:0: Ending Domain Validation
[    9.123867] scsi target2:0:0: asynchronous
[    9.143607] scsi 2:0:1:0: Direct-Access     VBOX     HARDDISK         1.0  PQ: 0 ANSI: 5
[    9.256379] scsi target2:0:1: Beginning Domain Validation
[    9.295235] scsi target2:0:1: Domain Validation skipping write tests
[    9.337686] scsi target2:0:1: Ending Domain Validation
[    9.407765] scsi target2:0:1: asynchronous
[    9.477293] sd 2:0:0:0: [sda] 20971520 512-byte logical blocks: (10.7 GB/10.0 GiB)
[    9.521190] sd 2:0:0:0: Attached scsi generic sg0 type 0
[    9.521266] sd 2:0:0:0: [sda] Write Protect is off
[    9.521389] sd 2:0:0:0: [sda] Incomplete mode parameter data
[    9.521390] sd 2:0:0:0: [sda] Assuming drive cache: write through
[    9.522761]  sda: sda1
[    9.523475] sd 2:0:0:0: [sda] Attached SCSI disk
[    9.756390] sd 2:0:1:0: Attached scsi generic sg1 type 0
[    9.807860] sd 2:0:1:0: [sdb] 20480 512-byte logical blocks: (10.5 MB/10.0 MiB)
[    9.848203] sd 2:0:1:0: [sdb] Write Protect is off
[    9.897152] sd 2:0:1:0: [sdb] Incomplete mode parameter data
[    9.936878] sd 2:0:1:0: [sdb] Assuming drive cache: write through
[    9.974826] sd 2:0:1:0: [sdb] Attached SCSI disk
[   10.083947] floppy0: no floppy controllers found
Begin: Loading essential drivers ... [   11.569238] md: linear personality registered for level -1
[   11.573002] md: multipath personality registered for level -4
[   11.594087] md: raid0 personality registered for level 0
[   11.610282] md: raid1 personality registered for level 1
[   11.732687] raid6: sse2x1   gen()  6471 MB/s
[   11.808177] raid6: sse2x1   xor()  4407 MB/s
[   11.924889] raid6: sse2x2   gen()  9278 MB/s
[   12.000092] raid6: sse2x2   xor()  6445 MB/s
[   12.073593] raid6: sse2x4   gen() 10413 MB/s
[   12.144288] raid6: sse2x4   xor()  5388 MB/s
[   12.152323] raid6: using algorithm sse2x4 gen() 10413 MB/s
[   12.167735] raid6: .... xor() 5388 MB/s, rmw enabled
[   12.191365] raid6: using ssse3x2 recovery algorithm
[   12.214556] xor: automatically using best checksumming function:
[   12.260033]    avx       :  4186.000 MB/sec
[   12.276223] async_tx: api initialized (async)
[   12.287862] md: raid6 personality registered for level 6
[   12.313025] md: raid5 personality registered for level 5
[   12.340088] md: raid4 personality registered for level 4
[   12.385411] md: raid10 personality registered for level 10
done.
Begin: Running /scripts/init-premount ... done.
Begin: Mounting[   12.445456] Btrfs loaded
 root file system ... Begin: Running /scripts/local-top ... done[   12.527031] EXT4-fs (sda1): mounted filesystem with ordered data mode. Opts: (null)
.
Begin: Running /scripts/local-premount ... Scanning for Btrfs filesystems
done.
Warning: fsck not present, so skipping root file system
done.
Begin: Running /scripts/local-bottom ... done.
Begin: Running /scripts/init-bottom ... done.
[   12.723719] systemd[1]: systemd 229 running in system mode. (+PAM +AUDIT +SELINUX +IMA +APPARMOR +SMACK +SYSVINIT +UTMP +LIBCRYPTSETUP +GCRYPT +GNUTLS +ACL +XZ -LZ4 +SECCOMP +BLKID +ELFUTILS +KMOD -IDN)
[   12.738569] systemd[1]: Detected virtualization oracle.
[   12.748796] systemd[1]: Detected architecture x86-64.

Welcome to [1mUbuntu 16.04.1 LTS[0m!

[   12.793374] systemd[1]: Set hostname to <ubuntu-xenial>.
[   12.945517] systemd[1]: Listening on LVM2 metadata daemon socket.
[[0;32m  OK  [0m] Listening on LVM2 metadata daemon socket.
[   13.064635] systemd[1]: Listening on Journal Audit Socket.
[[0;32m  OK  [0m] Listening on Journal Audit Socket.
[   13.169063] systemd[1]: Listening on LVM2 poll daemon socket.
[[0;32m  OK  [0m] Listening on LVM2 poll daemon socket.
[   13.248662] systemd[1]: Set up automount Arbitrary Executable File Formats File System Automount Point.
[[0;32m  OK  [0m] Set up automount Arbitrary Executab...ats File System Automount Point.
[   13.353532] systemd[1]: Reached target User and Group Name Lookups.
[[0;32m  OK  [0m] Reached target User and Group Name Lookups.
[   13.422244] systemd[1]: Listening on Journal Socket (/dev/log).
[[0;32m  OK  [0m] Listening on Journal Socket (/dev/log).
[   13.508509] systemd[1]: Listening on udev Control Socket.
[[0;32m  OK  [0m] Listening on udev Control Socket.
[   13.585067] systemd[1]: Created slice System Slice.
[[0;32m  OK  [0m] Created slice System Slice.
[   13.627129] systemd[1]: Listening on udev Kernel Socket.
[[0;32m  OK  [0m] Listening on udev Kernel Socket.
[   13.704620] systemd[1]: Listening on Journal Socket.
[[0;32m  OK  [0m] Listening on Journal Socket.
[   13.780736] systemd[1]: Mounting Debug File System...
         Mounting Debug File System...
[   13.840758] systemd[1]: Starting Uncomplicated firewall...
         Starting Uncomplicated firewall...
[   13.906654] systemd[1]: Mounting POSIX Message Queue File System...
         Mounting POSIX Message Queue File System...
[   13.972468] systemd[1]: Starting Set console keymap...
         Starting Set console keymap...
[   14.025242] systemd[1]: Starting Create list of required static device nodes for the current kernel...
         Starting Create list of required st... nodes for the current kernel...
[   14.084710] systemd[1]: Starting Nameserver information manager...
         Starting Nameserver information manager...
[   14.160602] systemd[1]: Starting Remount Root and Kernel File Systems...
         [   14.211077] EXT4-fs (sda1): re-mounted. Opts: (null)
Starting Remount Root and Kernel File Systems...
[   14.245356] systemd[1]: Started Forward Password Requests to Wall Directory Watch.
[[0;32m  OK  [0m] Started Forward Password Requests to Wall Directory Watch.
[   14.396638] systemd[1]: Reached target Swap.
[[0;32m  OK  [0m] Reached target Swap.
[   14.460420] systemd[1]: Mounting Huge Pages File System...
         Mounting Huge Pages File System...
[   14.477760] systemd[1]: Created slice system-serial\x2dgetty.slice.
[[0;32m  OK  [0m] Created slice system-serial\x2dgetty.slice.
[   14.505048] systemd[1]: Created slice User and Session Slice.
[[0;32m  OK  [0m] Created slice User and Session Slice.
[   14.565178] systemd[1]: Reached target Slices.
[[0;32m  OK  [0m] Reached target Slices.
[   14.602144] systemd[1]: Listening on Device-mapper event daemon FIFOs.
[[0;32m  OK  [0m] Listening on Device-mapper event daemon FIFOs.
[   14.665096] systemd[1]: Starting Load Kernel Modules...
         Starting Load Kernel Modules...[   14.689590] Loading iSCSI transport class v2.0-870.

[   14.743774] systemd[1]: Listening on /dev/initctl Compatibility Named Pipe.
[[0;32m  OK  [0[   14.825920] random: nonblocking pool is initialized
m] Listening on /dev/initctl Com[   14.847625] iscsi: registered transport (tcp)
patibility Named Pipe.
[   14.889624] systemd[1]: Reached target Encrypted Volumes.
[[0;32m  OK  [0m] Reached target Encrypted Vol[   14.940153] iscsi: registered transport (iser)
umes.
[   15.032240] systemd[1]: Starting Monitoring of LVM2 mirrors, snapshots etc. using dmeventd or progress polling...
         Starting Monitoring of LVM2 mirrors... dmeventd or progress polling...
[   15.136108] systemd[1]: Listening on Syslog Socket.
[[0;32m  OK  [0m] Listening on Syslog Socket.
[   15.164604] systemd[1]: Starting Journal Service...
         Starting Journal Service...
[   15.206358] systemd[1]: Mounted Debug File System.
[[0;32m  OK  [0m] Mounted Debug File System.
[   15.252989] systemd[1]: Mounted POSIX Message Queue File System.
[[0;32m  OK  [0m] Mounted POSIX Message Queue File System.
[   15.285956] systemd[1]: Mounted Huge Pages File System.
[[0;32m  OK  [0m] Mounted Huge Pages File System.
[   15.328698] systemd[1]: Started Journal Service.
[[0;32m  OK  [0m] Started Journal Service.
[[0;32m  OK  [0m] Started Uncomplicated firewall.
[[0;32m  OK  [0m] Started Set console keymap.
[[0;32m  OK  [0m] Started Create list of required sta...ce nodes for the current kernel.
[[0;32m  OK  [0m] Started Remount Root and Kernel File Systems.
[[0;32m  OK  [0m] Started Load Kernel Modules.
[[0;32m  OK  [0m] Started Nameserver information manager.
[[0;32m  OK  [0m] Started LVM2 metadata daemon.
         Starting Apply Kernel Variables...
         Mounting FUSE Control File System...
         Starting udev Coldplug all Devices...
         Starting Initial cloud-init job (pre-networking)...
         Starting Load/Save Random Seed...
         Starting Create Static Device Nodes in /dev...
         Starting Flush Journal to Persistent Storage...
[[0;32m  OK  [0m] Mounted FUSE Control File System.
[[0;32m  OK  [0m] Started Apply Kernel Variables.
[[0;32m  OK  [0m] Started Monitoring of LVM2 mirrors,...ng dmeventd or progress polling.
[[0;32m  OK  [0m] Started Load/Save Random Seed.
[[0;32m  OK  [0m] Started Create Static Device Nodes in /dev.
[[0;32m  OK  [0m] Started udev Coldplug all Devices.
[[0;32m  OK  [0m] Started Flush Journal to Persistent Storage.
         Starting udev Kernel Device Manager...
[[0;32m  OK  [0m] Started udev Kernel Device Manager.
[[0;32m  OK  [0m] Reached target Local File Systems (Pre).
[[0;32m  OK  [0m] Reached target Local File Systems.
         Starting Create Volatile Files and Directories...
         Starting LSB: AppArmor initialization...
         Starting Tell Plymouth To Write Out Runtime Data...
         Starting Set console font and keymap...
[[0;32m  OK  [0m] Started Dispatch Password Requests to Console Directory Watch.
[[0;32m  OK  [0m] Started Create Volatile Files and Directories.
[[0;32m  OK  [0m] Started Tell Plymouth To Write Out Runtime Data.
[[0;32m  OK  [0m] Found device /dev/ttyS0.
[[0;32m  OK  [0m] Listening on Load/Save RF Kill Switch Status /dev/rfkill Watch.
         Starting Update UTMP about System Boot/Shutdown...
[[0;32m  OK  [0m] Reached target System Time Synchronized.
[[0;32m  OK  [0m] Started LSB: AppArmor initialization.
[   17.545560] cloud-init[453]: Cloud-init v. 0.7.8 running 'init-local' at Fri, 03 Mar 2017 15:09:00 +0000. Up 16.98 seconds.
[[0;32m  OK  [0m] Found device 82540EM Gigabit Ethern...r (PRO/1000 MT Desktop Adapter).
[[0;32m  OK  [0m] Started Initial cloud-init job (pre-networking).
[[0;32m  OK  [0m] Found device 82540EM Gigabit Ethern...r (PRO/1000 MT Desktop Adapter).
[[0;32m  OK  [0m] Started Update UTMP about System Boot/Shutdown.
[[0;32m  OK  [0m] Reached target Network (Pre).
[[0;32m  OK  [0m] Started ifup for enp0s8.
[[0;32m  OK  [0m] Started ifup for enp0s3.
         Starting Raise network interfaces...
[[0;32m  OK  [0m] Started Set console font and keymap.
[[0;32m  OK  [0m] Created slice system-getty.slice.
[[0;32m  OK  [0m] Started Raise network interfaces.
         Starting Initial cloud-init job (metadata service crawler)...
[[0;32m  OK  [0m] Reached target Network.
[   20.739445] cloud-init[1046]: Cloud-init v. 0.7.8 running 'init' at Fri, 03 Mar 2017 15:09:03 +0000. Up 20.36 seconds.
[   20.782514] cloud-init[1046]: ci-info: ++++++++++++++++++++++++++++++++++++++Net device info++++++++++++++++++++++++++++++++++++++
[   20.836925] [cloud-init[0;32m  OK  [0m[1046]: ] ci-info: +--------+------+-----------------------------+---------------+-------+-------------------+Started Initial cloud-init job (metadata service crawler).

[   20.837506] cloud-init[1046]: ci-info: | Device |  Up  |           Address           |      Mask     | Scope |     Hw-Address    |
[   20.985183] [cloud-init[0;32m  OK  [0m[1046]: ] ci-info: +--------+------+-----------------------------+---------------+-------+-------------------+Reached target Network is Online.

[   20.985675] cloud-init[1046]: ci-info: |   lo   | True |          127.0.0.1          |   255.0.0.0   |   .   |         .         |
[   21.148899]          cloud-initStarting iSCSI initiator daemon (iscsid)...[1046]: 
ci-info: |   lo   | True |           ::1/128           |       .       |  host |         .         |
[   21.248446] [cloud-init[0;32m  OK  [0m[1046]: ] ci-info: | enp0s8 | True |        192.168.33.10        | 255.255.255.0 |   .   | 08:00:27:3f:5e:ab |Reached target System Initialization.

[   21.249111] [cloud-init[0;32m  OK  [0m[1046]: ] ci-info: | enp0s8 | True | fe80::a00:27ff:fe3f:5eab/64 |       .       |  link | 08:00:27:3f:5e:ab |Listening on D-Bus System Message Bus Socket.

[   21.460700] [cloud-init[0;32m  OK  [0m[1046]: ] ci-info: | enp0s3 | True |          10.0.2.15          | 255.255.255.0 |   .   | 02:6d:90:52:c7:b2 |Started Timer to automatically refresh installed snaps.

[   21.461336] cloud-init[1046]: ci-info: | enp0s3 | True |  fe80::6d:90ff:fe52:c7b2/64 |       .       |  link | 02:6d:90:52:c7:b2 |
[   21.548745] cloud-init[1046]: ci-info: +--------+------+-----------------------------+---------------+-------+-------------------+
[   21.549230] cloud-init[1046]: ci-info: ++++++++++++++++++++++++++++Route IPv4 info++++++++++++++++++++++++++++
[[0;32m  OK  [0m] Started ACPI Events Check.
[   21.549480] cloud-init[1046]: ci-info: +-------+--------------+----------+---------------+-----------+-------+
[   21.685189] cloud-init[1046]: ci-info: | Route | Destination  | Gateway  |    Genmask    | Interface | Flags |
[[0;32m  OK  [0m] Started Daily Cleanup of Temporary Directories.
[[   21.685367] cloud-init[1046]: ci-info: +-------+--------------+----------+---------------+-----------+-------+
[   21.825096] cloud-init[1046]: ci-info: |   0   |   0.0.0.0    | 10.0.2.2 |    0.0.0.0    |   enp0s3  |   UG  |
[0;32m  OK  [0m] Started Trigger resolvconf update for networkd DNS.
[[   21.825209] cloud-init[1046]: ci-info: |   1   |   10.0.2.0   | 0.0.0.0  | 255.255.255.0 |   enp0s3  |   U   |
[   21.995654] cloud-init[1046]: ci-info: |   2   | 192.168.33.0 | 0.0.0.0  | 255.255.255.0 |   enp0s8  |   U   |
[   21.996464] cloud-init[1046]: ci-info: +-------+--------------+----------+---------------+-----------+-------+
[0;32m  OK  [0m] Reached target Paths.
[[0;32m  OK  [0m] Started Daily apt activities.
[[0;32m  OK  [0m] Reached target Timers.
         Starting Socket activation for snappy daemon.
         Starting LXD - unix socket.
[[0;32m  OK  [0m] Listening on UUID daemon activation socket.
[[0;32m  OK  [0m] Listening on ACPID Listen Socket.
[[0;32m  OK  [0m] Reached target Cloud-config availability.
[[0;32m  OK  [0m] Listening on Socket activation for snappy daemon.
[[0;32m  OK  [0m] Listening on LXD - unix socket.
[[0;32m  OK  [0m] Started iSCSI initiator daemon (iscsid).
         Starting Login to default iSCSI targets...
[[0;32m  OK  [0m] Reached target Sockets.
[[0;32m  OK  [0m] Reached target Basic System.
[[0;32m  OK  [0m] Started Regular background program processing daemon.
         Starting System Logging Service...
         Starting LSB: Record successful boot for GRUB...
[[0;32m  OK  [0m] Started ACPI event daemon.
         Starting Apply the settings specified in cloud-config...
         Starting LXD - container startup/shutdown...
         Starting Accounts Service...
         Starting Daily apt activities...
[[0;32m  OK  [0m] Started FUSE filesystem for LXC.
[[0;32m  OK  [0m] Started D-Bus System Message Bus.
         Starting LSB: MD monitoring daemon...
         Starting Login Service...
         Starting OpenBSD Secure Shell server...
[[0;32m  OK  [0m] Started Deferred execution scheduler.
         Starting /etc/rc.local Compatibility...
[[0;32m  OK  [0m] Started Snappy daemon.
         Starting Auto import assertions from block devices...
[[0;32m  OK  [0m] Started System Logging Service.
[[0;32m  OK  [0m] Started OpenBSD Secure Shell server.
[[0;32m  OK  [0m] Started LXD - container startup/shutdown.
[[0;32m  OK  [0m] Started /etc/rc.local Compatibility.
[[0;32m  OK  [0m] Started Auto import assertions from block devices.
[[0;32m  OK  [0m] Started LSB: Record successful boot for GRUB.
[[0;32m  OK  [0m] Started Login to default iSCSI targets.
[[0;32m  OK  [0m] Started LSB: MD monitoring daemon.
         Starting Authenticate and Authorize Users to Run Privileged Tasks...
[[0;32m  OK  [0m] Reached target Remote File Systems (Pre).
[[   23.344698] cloud-init[1123]: Cloud-init v. 0.7.8 running 'modules:config' at Fri, 03 Mar 2017 15:09:06 +0000. Up 23.14 seconds.
[0;32m  OK  [0m] Reached target Remote File Systems.
         Starting LSB: VirtualBox Linux Additions...
         Starting LSB: daemon to balance interrupts for SMP systems...
         Starting LSB: Apache2 web server...
         Starting Permit User Sessions...
         Starting LSB: automatic crash report generation...
         Starting LSB: Set the CPU Frequency Scaling governor to "ondemand"...
[[0;32m  OK  [0m] Started Apply the settings specified in cloud-config.
[[0;32m  OK  [0m] Started Permit User Sessions.
[[0;32m  OK  [0m] Started Login Service.
[[0;32m  OK  [0m] Started Authenticate and Authorize Users to Run Privileged Tasks.
[[0;32m  OK  [0m] Started Accounts Service.
[[0;32m  OK  [0m] Started LSB: Set the CPU Frequency Scaling governor to "ondemand".
[[0;32m  OK  [0m] Started LSB: daemon to balance interrupts for SMP systems.
         Starting Hold until boot process finishes up...
         Starting Terminate Plymouth Boot Screen...
[[0;32m  OK  [0m] Started LSB: VirtualBox Linux Additions.
[[0;32m  OK  [0m] Started Hold until boot process finishes up.
[[0;32m  OK  [0m] Started Terminate Plymouth Boot Screen.
[[0;32m  OK  [0m] Started Getty on tty1.
         Starting Set console scheme...
[[0;32m  OK  [0m] Started Serial Getty on ttyS0.
[[0;32m  OK  [0m] Reached target Login Prompts.
[[0;32m  OK  [0m] Started LSB: automatic crash report generation.
[[0;32m  OK  [0m] Started Set console scheme.
[[0;32m  OK  [0m] Started LSB: Apache2 web server.
[[0;32m  OK  [0m] Reached target Multi-User System.
[[0;32m  OK  [0m] Reached target Graphical Interface.
         Starting Update UTMP about System Runlevel Changes...
         Starting Execute cloud user/final scripts...
[[0;32m  OK  [0m] Started Update UTMP about System Runlevel Changes.
[   26.222916] cloud-init[1539]: Cloud-init v. 0.7.8 running 'modules:final' at Fri, 03 Mar 2017 15:09:09 +0000. Up 25.99 seconds.
[   26.236180] cloud-init[1539]: Cloud-init v. 0.7.8 finished at Fri, 03 Mar 2017 15:09:09 +0000. Datasource DataSourceNoCloud [seed=/dev/sdb][dsmode=net].  Up 26.20 seconds
[[0;32m  OK  [0m] Started Execute cloud user/final scripts.
[[0;32m  OK  [0m] Reached target Cloud-init target.

Ubuntu 16.04.1 LTS ubuntu-xenial ttyS0

ubuntu-xenial login: 